===================================================
Begin TASK Prologue Thu Apr 24 02:15:02 PM EDT 2025
===================================================
Job ID:           1161
Username:         tuq33671
Group:            bio
Job Name:         hgfctrial_job
Resources List:   nodes=1:ppn=1:ntasks=1
Queue:            normal
Account:          default
Nodes:      c01
===================================================
End TASK Prologue Thu Apr 24 02:15:02 PM EDT 2025
===================================================
===================================================
Begin TASK Epilogue Thu Apr 24 02:15:02 PM EDT 2025
===================================================
Job ID:           1161
Username:         tuq33671
Job Name:         hgfctrial_job
Resources List:   nodes=1:ppn=1:ntasks=1
Queue:            normal
Account:          default
Nodes:      c01
===================================================
End TASK Epilogue Thu Apr 24 02:15:02 PM EDT 2025
===================================================
